////////////////////////////////////////////////////////////////
    Date: 4/16/2012 7:11:37 PM
Assembly: TomShane.Neoforce.Controls.dll
 Version: 0.6.1910.1437
 Message: Could not find a part of the path 'C:\Users\bryan\Saturn-IV\SaturnIV\bin\x86\Release\Content\Skins\Default.skin'.
////////////////////////////////////////////////////////////////
   at System.IO.__Error.WinIOError(Int32 errorCode, String maybeFullPath)
   at System.IO.FileStream.Init(String path, FileMode mode, FileAccess access, Int32 rights, Boolean useRights, FileShare share, Int32 bufferSize, FileOptions options, SECURITY_ATTRIBUTES secAttrs, String msgPath, Boolean bFromProxy)
   at System.IO.FileStream..ctor(String path, FileMode mode, FileAccess access, FileShare share)
   at System.IO.File.OpenRead(String path)
   at TomShane.Neoforce.External.Zip.ZipFile.get_ReadStream()
   at TomShane.Neoforce.External.Zip.ZipFile.Read(String zipfilename, Boolean TurnOnDebug)
   at TomShane.Neoforce.External.Zip.ZipFile.Read(String zipfilename)
   at TomShane.Neoforce.Controls.ArchiveManager..ctor(IServiceProvider serviceProvider, String archive)
   at TomShane.Neoforce.Controls.Skin..ctor(Manager manager, String name)
   at TomShane.Neoforce.Controls.Manager.SetSkin(String name)
   at TomShane.Neoforce.Controls.Manager.Initialize()
   at SaturnIV.Game1.Initialize() in C:\Users\bryan\Saturn-IV\SaturnIV\Game1.cs:line 214
   at Microsoft.Xna.Framework.Game.Run()
   at SaturnIV.Program.Main(String[] args) in C:\Users\bryan\Saturn-IV\SaturnIV\Program.cs:line 14
////////////////////////////////////////////////////////////////

////////////////////////////////////////////////////////////////
    Date: 4/16/2012 7:11:45 PM
Assembly: TomShane.Neoforce.Controls.dll
 Version: 0.6.1910.1437
 Message: Could not find a part of the path 'C:\Users\bryan\Saturn-IV\SaturnIV\bin\x86\Release\Content\Skins\Default.skin'.
////////////////////////////////////////////////////////////////
   at System.IO.__Error.WinIOError(Int32 errorCode, String maybeFullPath)
   at System.IO.FileStream.Init(String path, FileMode mode, FileAccess access, Int32 rights, Boolean useRights, FileShare share, Int32 bufferSize, FileOptions options, SECURITY_ATTRIBUTES secAttrs, String msgPath, Boolean bFromProxy)
   at System.IO.FileStream..ctor(String path, FileMode mode, FileAccess access, FileShare share)
   at System.IO.File.OpenRead(String path)
   at TomShane.Neoforce.External.Zip.ZipFile.get_ReadStream()
   at TomShane.Neoforce.External.Zip.ZipFile.Read(String zipfilename, Boolean TurnOnDebug)
   at TomShane.Neoforce.External.Zip.ZipFile.Read(String zipfilename)
   at TomShane.Neoforce.Controls.ArchiveManager..ctor(IServiceProvider serviceProvider, String archive)
   at TomShane.Neoforce.Controls.Skin..ctor(Manager manager, String name)
   at TomShane.Neoforce.Controls.Manager.SetSkin(String name)
   at TomShane.Neoforce.Controls.Manager.Initialize()
   at SaturnIV.Game1.Initialize() in C:\Users\bryan\Saturn-IV\SaturnIV\Game1.cs:line 214
   at Microsoft.Xna.Framework.Game.Run()
   at SaturnIV.Program.Main(String[] args) in C:\Users\bryan\Saturn-IV\SaturnIV\Program.cs:line 14
////////////////////////////////////////////////////////////////

////////////////////////////////////////////////////////////////
    Date: 4/16/2012 7:12:10 PM
Assembly: TomShane.Neoforce.Controls.dll
 Version: 0.6.1910.1437
 Message: Could not find file 'C:\Users\bryan\Saturn-IV\SaturnIV\bin\x86\Release\Content\Skins\Default.skin'.
////////////////////////////////////////////////////////////////
   at System.IO.__Error.WinIOError(Int32 errorCode, String maybeFullPath)
   at System.IO.FileStream.Init(String path, FileMode mode, FileAccess access, Int32 rights, Boolean useRights, FileShare share, Int32 bufferSize, FileOptions options, SECURITY_ATTRIBUTES secAttrs, String msgPath, Boolean bFromProxy)
   at System.IO.FileStream..ctor(String path, FileMode mode, FileAccess access, FileShare share)
   at System.IO.File.OpenRead(String path)
   at TomShane.Neoforce.External.Zip.ZipFile.get_ReadStream()
   at TomShane.Neoforce.External.Zip.ZipFile.Read(String zipfilename, Boolean TurnOnDebug)
   at TomShane.Neoforce.External.Zip.ZipFile.Read(String zipfilename)
   at TomShane.Neoforce.Controls.ArchiveManager..ctor(IServiceProvider serviceProvider, String archive)
   at TomShane.Neoforce.Controls.Skin..ctor(Manager manager, String name)
   at TomShane.Neoforce.Controls.Manager.SetSkin(String name)
   at TomShane.Neoforce.Controls.Manager.Initialize()
   at SaturnIV.Game1.Initialize() in C:\Users\bryan\Saturn-IV\SaturnIV\Game1.cs:line 214
   at Microsoft.Xna.Framework.Game.Run()
   at SaturnIV.Program.Main(String[] args) in C:\Users\bryan\Saturn-IV\SaturnIV\Program.cs:line 14
////////////////////////////////////////////////////////////////

////////////////////////////////////////////////////////////////
    Date: 4/16/2012 7:16:32 PM
Assembly: TomShane.Neoforce.Controls.dll
 Version: 0.6.1910.1437
 Message: Nesting more than one SpriteBatch.Begin when using a SpriteBatch with SpriteSortMode.Immediate is not allowed.
////////////////////////////////////////////////////////////////
   at Microsoft.Xna.Framework.Graphics.SpriteBatch.Begin(SpriteBlendMode blendMode, SpriteSortMode sortMode, SaveStateMode stateMode, Matrix transformMatrix)
   at Microsoft.Xna.Framework.Graphics.SpriteBatch.Begin(SpriteBlendMode blendMode, SpriteSortMode sortMode, SaveStateMode stateMode)
   at TomShane.Neoforce.Controls.Renderer.Begin(BlendingMode mode)
   at TomShane.Neoforce.Controls.Manager.Draw(GameTime gameTime)
   at SaturnIV.Game1.Draw(GameTime gameTime) in C:\Users\bryan\Saturn-IV\SaturnIV\Game1.cs:line 760
   at Microsoft.Xna.Framework.Game.DrawFrame()
   at Microsoft.Xna.Framework.Game.Tick()
   at Microsoft.Xna.Framework.Game.HostIdle(Object sender, EventArgs e)
   at Microsoft.Xna.Framework.GameHost.OnIdle()
   at Microsoft.Xna.Framework.WindowsGameHost.ApplicationIdle(Object sender, EventArgs e)
   at System.Windows.Forms.Application.ThreadContext.System.Windows.Forms.UnsafeNativeMethods.IMsoComponent.FDoIdle(Int32 grfidlef)
   at System.Windows.Forms.Application.ComponentManager.System.Windows.Forms.UnsafeNativeMethods.IMsoComponentManager.FPushMessageLoop(Int32 dwComponentID, Int32 reason, Int32 pvLoopData)
   at System.Windows.Forms.Application.ThreadContext.RunMessageLoopInner(Int32 reason, ApplicationContext context)
   at System.Windows.Forms.Application.ThreadContext.RunMessageLoop(Int32 reason, ApplicationContext context)
   at System.Windows.Forms.Application.Run(Form mainForm)
   at Microsoft.Xna.Framework.WindowsGameHost.Run()
   at Microsoft.Xna.Framework.Game.Run()
   at SaturnIV.Program.Main(String[] args) in C:\Users\bryan\Saturn-IV\SaturnIV\Program.cs:line 14
////////////////////////////////////////////////////////////////

////////////////////////////////////////////////////////////////
    Date: 4/16/2012 7:28:06 PM
Assembly: TomShane.Neoforce.Controls.dll
 Version: 0.6.1910.1437
 Message: Object reference not set to an instance of an object.
////////////////////////////////////////////////////////////////
   at SaturnIV.Game1.Draw(GameTime gameTime) in C:\Users\bryan\Saturn-IV\SaturnIV\Game1.cs:line 750
   at Microsoft.Xna.Framework.Game.DrawFrame()
   at Microsoft.Xna.Framework.Game.Tick()
   at Microsoft.Xna.Framework.Game.HostIdle(Object sender, EventArgs e)
   at Microsoft.Xna.Framework.GameHost.OnIdle()
   at Microsoft.Xna.Framework.WindowsGameHost.ApplicationIdle(Object sender, EventArgs e)
   at System.Windows.Forms.Application.ThreadContext.System.Windows.Forms.UnsafeNativeMethods.IMsoComponent.FDoIdle(Int32 grfidlef)
   at System.Windows.Forms.Application.ComponentManager.System.Windows.Forms.UnsafeNativeMethods.IMsoComponentManager.FPushMessageLoop(Int32 dwComponentID, Int32 reason, Int32 pvLoopData)
   at System.Windows.Forms.Application.ThreadContext.RunMessageLoopInner(Int32 reason, ApplicationContext context)
   at System.Windows.Forms.Application.ThreadContext.RunMessageLoop(Int32 reason, ApplicationContext context)
   at System.Windows.Forms.Application.Run(Form mainForm)
   at Microsoft.Xna.Framework.WindowsGameHost.Run()
   at Microsoft.Xna.Framework.Game.Run()
   at SaturnIV.Program.Main(String[] args) in C:\Users\bryan\Saturn-IV\SaturnIV\Program.cs:line 14
////////////////////////////////////////////////////////////////

////////////////////////////////////////////////////////////////
    Date: 4/16/2012 7:29:40 PM
Assembly: TomShane.Neoforce.Controls.dll
 Version: 0.6.1910.1437
 Message: Object reference not set to an instance of an object.
////////////////////////////////////////////////////////////////
   at SaturnIV.Game1.Draw(GameTime gameTime) in C:\Users\bryan\Saturn-IV\SaturnIV\Game1.cs:line 750
   at Microsoft.Xna.Framework.Game.DrawFrame()
   at Microsoft.Xna.Framework.Game.Tick()
   at Microsoft.Xna.Framework.Game.HostIdle(Object sender, EventArgs e)
   at Microsoft.Xna.Framework.GameHost.OnIdle()
   at Microsoft.Xna.Framework.WindowsGameHost.ApplicationIdle(Object sender, EventArgs e)
   at System.Windows.Forms.Application.ThreadContext.System.Windows.Forms.UnsafeNativeMethods.IMsoComponent.FDoIdle(Int32 grfidlef)
   at System.Windows.Forms.Application.ComponentManager.System.Windows.Forms.UnsafeNativeMethods.IMsoComponentManager.FPushMessageLoop(Int32 dwComponentID, Int32 reason, Int32 pvLoopData)
   at System.Windows.Forms.Application.ThreadContext.RunMessageLoopInner(Int32 reason, ApplicationContext context)
   at System.Windows.Forms.Application.ThreadContext.RunMessageLoop(Int32 reason, ApplicationContext context)
   at System.Windows.Forms.Application.Run(Form mainForm)
   at Microsoft.Xna.Framework.WindowsGameHost.Run()
   at Microsoft.Xna.Framework.Game.Run()
   at SaturnIV.Program.Main(String[] args) in C:\Users\bryan\Saturn-IV\SaturnIV\Program.cs:line 14
////////////////////////////////////////////////////////////////

////////////////////////////////////////////////////////////////
    Date: 4/16/2012 7:32:41 PM
Assembly: TomShane.Neoforce.Controls.dll
 Version: 0.6.1910.1437
 Message: Object reference not set to an instance of an object.
////////////////////////////////////////////////////////////////
   at SaturnIV.Game1.Draw(GameTime gameTime) in C:\Users\bryan\Saturn-IV\SaturnIV\Game1.cs:line 750
   at Microsoft.Xna.Framework.Game.DrawFrame()
   at Microsoft.Xna.Framework.Game.Tick()
   at Microsoft.Xna.Framework.Game.HostIdle(Object sender, EventArgs e)
   at Microsoft.Xna.Framework.GameHost.OnIdle()
   at Microsoft.Xna.Framework.WindowsGameHost.ApplicationIdle(Object sender, EventArgs e)
   at System.Windows.Forms.Application.ThreadContext.System.Windows.Forms.UnsafeNativeMethods.IMsoComponent.FDoIdle(Int32 grfidlef)
   at System.Windows.Forms.Application.ComponentManager.System.Windows.Forms.UnsafeNativeMethods.IMsoComponentManager.FPushMessageLoop(Int32 dwComponentID, Int32 reason, Int32 pvLoopData)
   at System.Windows.Forms.Application.ThreadContext.RunMessageLoopInner(Int32 reason, ApplicationContext context)
   at System.Windows.Forms.Application.ThreadContext.RunMessageLoop(Int32 reason, ApplicationContext context)
   at System.Windows.Forms.Application.Run(Form mainForm)
   at Microsoft.Xna.Framework.WindowsGameHost.Run()
   at Microsoft.Xna.Framework.Game.Run()
   at SaturnIV.Program.Main(String[] args) in C:\Users\bryan\Saturn-IV\SaturnIV\Program.cs:line 14
////////////////////////////////////////////////////////////////

////////////////////////////////////////////////////////////////
    Date: 4/16/2012 7:44:47 PM
Assembly: TomShane.Neoforce.Controls.dll
 Version: 0.6.1910.1437
 Message: Error loading "Window". File not found.
////////////////////////////////////////////////////////////////
   at Microsoft.Xna.Framework.Content.ContentManager.OpenStream(String assetName)
   at TomShane.Neoforce.Controls.ArchiveManager.OpenStream(String assetName)
   at Microsoft.Xna.Framework.Content.ContentManager.ReadAsset[T](String assetName, Action`1 recordDisposableObject)
   at Microsoft.Xna.Framework.Content.ContentManager.Load[T](String assetName)
   at TomShane.Neoforce.Controls.Layout.Load(Manager manager, String asset)
   at SaturnIV.NFClass.addElement(Manager manager) in C:\Users\bryan\Saturn-IV\SaturnIV\GUI\neoforceClass.cs:line 14
   at SaturnIV.Game1.Initialize() in C:\Users\bryan\Saturn-IV\SaturnIV\Game1.cs:line 220
   at Microsoft.Xna.Framework.Game.Run()
   at SaturnIV.Program.Main(String[] args) in C:\Users\bryan\Saturn-IV\SaturnIV\Program.cs:line 14
////////////////////////////////////////////////////////////////

////////////////////////////////////////////////////////////////
    Date: 4/16/2012 7:45:01 PM
Assembly: TomShane.Neoforce.Controls.dll
 Version: 0.6.1910.1437
 Message: Error loading "Content\Window". File not found.
////////////////////////////////////////////////////////////////
   at Microsoft.Xna.Framework.Content.ContentManager.OpenStream(String assetName)
   at TomShane.Neoforce.Controls.ArchiveManager.OpenStream(String assetName)
   at Microsoft.Xna.Framework.Content.ContentManager.ReadAsset[T](String assetName, Action`1 recordDisposableObject)
   at Microsoft.Xna.Framework.Content.ContentManager.Load[T](String assetName)
   at TomShane.Neoforce.Controls.Layout.Load(Manager manager, String asset)
   at SaturnIV.NFClass.addElement(Manager manager) in C:\Users\bryan\Saturn-IV\SaturnIV\GUI\neoforceClass.cs:line 14
   at SaturnIV.Game1.Initialize() in C:\Users\bryan\Saturn-IV\SaturnIV\Game1.cs:line 220
   at Microsoft.Xna.Framework.Game.Run()
   at SaturnIV.Program.Main(String[] args) in C:\Users\bryan\Saturn-IV\SaturnIV\Program.cs:line 14
////////////////////////////////////////////////////////////////

////////////////////////////////////////////////////////////////
    Date: 4/16/2012 7:45:20 PM
Assembly: TomShane.Neoforce.Controls.dll
 Version: 0.6.1910.1437
 Message: Error loading "Content\Window.xml". File not found.
////////////////////////////////////////////////////////////////
   at Microsoft.Xna.Framework.Content.ContentManager.OpenStream(String assetName)
   at TomShane.Neoforce.Controls.ArchiveManager.OpenStream(String assetName)
   at Microsoft.Xna.Framework.Content.ContentManager.ReadAsset[T](String assetName, Action`1 recordDisposableObject)
   at Microsoft.Xna.Framework.Content.ContentManager.Load[T](String assetName)
   at TomShane.Neoforce.Controls.Layout.Load(Manager manager, String asset)
   at SaturnIV.NFClass.addElement(Manager manager) in C:\Users\bryan\Saturn-IV\SaturnIV\GUI\neoforceClass.cs:line 14
   at SaturnIV.Game1.Initialize() in C:\Users\bryan\Saturn-IV\SaturnIV\Game1.cs:line 220
   at Microsoft.Xna.Framework.Game.Run()
   at SaturnIV.Program.Main(String[] args) in C:\Users\bryan\Saturn-IV\SaturnIV\Program.cs:line 14
////////////////////////////////////////////////////////////////

////////////////////////////////////////////////////////////////
    Date: 4/16/2012 8:15:47 PM
Assembly: TomShane.Neoforce.Controls.dll
 Version: 0.6.1910.1437
 Message: The 'Control' start tag on line 23 does not match the end tag of 'Controls'. Line 29, position 9.
////////////////////////////////////////////////////////////////
   at System.Xml.XmlTextReaderImpl.Throw(Exception e)
   at System.Xml.XmlTextReaderImpl.Throw(String res, String[] args)
   at System.Xml.XmlTextReaderImpl.ThrowTagMismatch(NodeData startTag)
   at System.Xml.XmlTextReaderImpl.ParseEndElement()
   at System.Xml.XmlTextReaderImpl.ParseElementContent()
   at System.Xml.XmlTextReaderImpl.Read()
   at System.Xml.XmlLoader.LoadNode(Boolean skipOverWhitespace)
   at System.Xml.XmlLoader.LoadDocSequence(XmlDocument parentDoc)
   at System.Xml.XmlLoader.Load(XmlDocument doc, XmlReader reader, Boolean preserveWhitespace)
   at System.Xml.XmlDocument.Load(XmlReader reader)
   at System.Xml.XmlDocument.Load(String filename)
   at TomShane.Neoforce.Controls.Layout.Load(Manager manager, String asset)
   at SaturnIV.NFClass.addElement(Manager manager) in C:\Users\bryan\Saturn-IV\SaturnIV\GUI\neoforceClass.cs:line 17
   at SaturnIV.Game1.Initialize() in C:\Users\bryan\Saturn-IV\SaturnIV\Game1.cs:line 220
   at Microsoft.Xna.Framework.Game.Run()
   at SaturnIV.Program.Main(String[] args) in C:\Users\bryan\Saturn-IV\SaturnIV\Program.cs:line 14
////////////////////////////////////////////////////////////////

////////////////////////////////////////////////////////////////
    Date: 4/16/2012 8:22:08 PM
Assembly: TomShane.Neoforce.Controls.dll
 Version: 0.6.1910.1437
 Message: The 'Control' start tag on line 24 does not match the end tag of 'Controls'. Line 47, position 9.
////////////////////////////////////////////////////////////////
   at System.Xml.XmlTextReaderImpl.Throw(Exception e)
   at System.Xml.XmlTextReaderImpl.Throw(String res, String[] args)
   at System.Xml.XmlTextReaderImpl.ThrowTagMismatch(NodeData startTag)
   at System.Xml.XmlTextReaderImpl.ParseEndElement()
   at System.Xml.XmlTextReaderImpl.ParseElementContent()
   at System.Xml.XmlTextReaderImpl.Read()
   at System.Xml.XmlLoader.LoadNode(Boolean skipOverWhitespace)
   at System.Xml.XmlLoader.LoadDocSequence(XmlDocument parentDoc)
   at System.Xml.XmlLoader.Load(XmlDocument doc, XmlReader reader, Boolean preserveWhitespace)
   at System.Xml.XmlDocument.Load(XmlReader reader)
   at System.Xml.XmlDocument.Load(String filename)
   at TomShane.Neoforce.Controls.Layout.Load(Manager manager, String asset)
   at SaturnIV.NFClass.addElement(Manager manager) in C:\Users\bryan\Saturn-IV\SaturnIV\GUI\neoforceClass.cs:line 17
   at SaturnIV.Game1.Initialize() in C:\Users\bryan\Saturn-IV\SaturnIV\Game1.cs:line 220
   at Microsoft.Xna.Framework.Game.Run()
   at SaturnIV.Program.Main(String[] args) in C:\Users\bryan\Saturn-IV\SaturnIV\Program.cs:line 14
////////////////////////////////////////////////////////////////

////////////////////////////////////////////////////////////////
    Date: 4/18/2012 9:03:04 PM
Assembly: TomShane.Neoforce.Controls.dll
 Version: 0.6.1910.1437
 Message: You should specify positive value for farPlaneDistance.
Parameter name: farPlaneDistance
////////////////////////////////////////////////////////////////
   at Microsoft.Xna.Framework.Matrix.CreatePerspectiveFieldOfView(Single fieldOfView, Single aspectRatio, Single nearPlaneDistance, Single farPlaneDistance)
   at SaturnIV.NPCManager.updateShipMovement(GameTime gameTime, Single gameSpeed, newShipStruct thisShip, CameraNew ourCamera, Boolean isEdit) in C:\Users\bryan\Saturn-IV\SaturnIV\ManagerClasses\NPCManager.cs:line 285
   at SaturnIV.Game1.updateObjects(GameTime gameTime) in C:\Users\bryan\Saturn-IV\SaturnIV\Game1.cs:line 398
   at SaturnIV.Game1.Update(GameTime gameTime) in C:\Users\bryan\Saturn-IV\SaturnIV\Game1.cs:line 336
   at Microsoft.Xna.Framework.Game.Tick()
   at Microsoft.Xna.Framework.Game.HostIdle(Object sender, EventArgs e)
   at Microsoft.Xna.Framework.GameHost.OnIdle()
   at Microsoft.Xna.Framework.WindowsGameHost.ApplicationIdle(Object sender, EventArgs e)
   at System.Windows.Forms.Application.ThreadContext.System.Windows.Forms.UnsafeNativeMethods.IMsoComponent.FDoIdle(Int32 grfidlef)
   at System.Windows.Forms.Application.ComponentManager.System.Windows.Forms.UnsafeNativeMethods.IMsoComponentManager.FPushMessageLoop(Int32 dwComponentID, Int32 reason, Int32 pvLoopData)
   at System.Windows.Forms.Application.ThreadContext.RunMessageLoopInner(Int32 reason, ApplicationContext context)
   at System.Windows.Forms.Application.ThreadContext.RunMessageLoop(Int32 reason, ApplicationContext context)
   at System.Windows.Forms.Application.Run(Form mainForm)
   at Microsoft.Xna.Framework.WindowsGameHost.Run()
   at Microsoft.Xna.Framework.Game.Run()
   at SaturnIV.Program.Main(String[] args) in C:\Users\bryan\Saturn-IV\SaturnIV\Program.cs:line 14
////////////////////////////////////////////////////////////////

////////////////////////////////////////////////////////////////
    Date: 4/19/2012 9:05:19 PM
Assembly: TomShane.Neoforce.Controls.dll
 Version: 0.6.1910.1437
 Message: Index was out of range. Must be non-negative and less than the size of the collection.
Parameter name: index
////////////////////////////////////////////////////////////////
   at System.ThrowHelper.ThrowArgumentOutOfRangeException(ExceptionArgument argument, ExceptionResource resource)
   at System.ThrowHelper.ThrowArgumentOutOfRangeException()
   at System.Collections.Generic.List`1.get_Item(Int32 index)
   at SaturnIV.Game1.processInput(GameTime gameTime) in C:\Users\bryan\Saturn-IV\SaturnIV\Game1.cs:line 479
   at SaturnIV.Game1.Update(GameTime gameTime) in C:\Users\bryan\Saturn-IV\SaturnIV\Game1.cs:line 317
   at Microsoft.Xna.Framework.Game.Tick()
   at Microsoft.Xna.Framework.Game.HostIdle(Object sender, EventArgs e)
   at Microsoft.Xna.Framework.GameHost.OnIdle()
   at Microsoft.Xna.Framework.WindowsGameHost.ApplicationIdle(Object sender, EventArgs e)
   at System.Windows.Forms.Application.ThreadContext.System.Windows.Forms.UnsafeNativeMethods.IMsoComponent.FDoIdle(Int32 grfidlef)
   at System.Windows.Forms.Application.ComponentManager.System.Windows.Forms.UnsafeNativeMethods.IMsoComponentManager.FPushMessageLoop(Int32 dwComponentID, Int32 reason, Int32 pvLoopData)
   at System.Windows.Forms.Application.ThreadContext.RunMessageLoopInner(Int32 reason, ApplicationContext context)
   at System.Windows.Forms.Application.ThreadContext.RunMessageLoop(Int32 reason, ApplicationContext context)
   at System.Windows.Forms.Application.Run(Form mainForm)
   at Microsoft.Xna.Framework.WindowsGameHost.Run()
   at Microsoft.Xna.Framework.Game.Run()
   at SaturnIV.Program.Main(String[] args) in C:\Users\bryan\Saturn-IV\SaturnIV\Program.cs:line 14
////////////////////////////////////////////////////////////////

////////////////////////////////////////////////////////////////
    Date: 4/19/2012 9:49:15 PM
Assembly: TomShane.Neoforce.Controls.dll
 Version: 0.6.1910.1437
 Message: You should specify positive value for farPlaneDistance.
Parameter name: farPlaneDistance
////////////////////////////////////////////////////////////////
   at Microsoft.Xna.Framework.Matrix.CreatePerspectiveFieldOfView(Single fieldOfView, Single aspectRatio, Single nearPlaneDistance, Single farPlaneDistance)
   at SaturnIV.NPCManager.updateShipMovement(GameTime gameTime, Single gameSpeed, newShipStruct thisShip, CameraNew ourCamera, Boolean isEdit) in C:\Users\bryan\Saturn-IV\SaturnIV\ManagerClasses\NPCManager.cs:line 285
   at SaturnIV.Game1.updateObjects(GameTime gameTime) in C:\Users\bryan\Saturn-IV\SaturnIV\Game1.cs:line 398
   at SaturnIV.Game1.Update(GameTime gameTime) in C:\Users\bryan\Saturn-IV\SaturnIV\Game1.cs:line 344
   at Microsoft.Xna.Framework.Game.Tick()
   at Microsoft.Xna.Framework.Game.HostIdle(Object sender, EventArgs e)
   at Microsoft.Xna.Framework.GameHost.OnIdle()
   at Microsoft.Xna.Framework.WindowsGameHost.ApplicationIdle(Object sender, EventArgs e)
   at System.Windows.Forms.Application.ThreadContext.System.Windows.Forms.UnsafeNativeMethods.IMsoComponent.FDoIdle(Int32 grfidlef)
   at System.Windows.Forms.Application.ComponentManager.System.Windows.Forms.UnsafeNativeMethods.IMsoComponentManager.FPushMessageLoop(Int32 dwComponentID, Int32 reason, Int32 pvLoopData)
   at System.Windows.Forms.Application.ThreadContext.RunMessageLoopInner(Int32 reason, ApplicationContext context)
   at System.Windows.Forms.Application.ThreadContext.RunMessageLoop(Int32 reason, ApplicationContext context)
   at System.Windows.Forms.Application.Run(Form mainForm)
   at Microsoft.Xna.Framework.WindowsGameHost.Run()
   at Microsoft.Xna.Framework.Game.Run()
   at SaturnIV.Program.Main(String[] args) in C:\Users\bryan\Saturn-IV\SaturnIV\Program.cs:line 14
////////////////////////////////////////////////////////////////

////////////////////////////////////////////////////////////////
    Date: 4/20/2012 5:53:22 PM
Assembly: TomShane.Neoforce.Controls.dll
 Version: 0.6.1910.1437
 Message: Error loading "Models\tacmap_items\smlBlueTriangle". File not found.
////////////////////////////////////////////////////////////////
   at Microsoft.Xna.Framework.Content.ContentManager.OpenStream(String assetName)
   at Microsoft.Xna.Framework.Content.ContentManager.ReadAsset[T](String assetName, Action`1 recordDisposableObject)
   at Microsoft.Xna.Framework.Content.ContentManager.Load[T](String assetName)
   at SaturnIV.Game1.LoadContent() in C:\Users\bryan\Saturn-IV\SaturnIV\Game1.cs:line 265
   at Microsoft.Xna.Framework.Game.Initialize()
   at SaturnIV.Game1.Initialize() in C:\Users\bryan\Saturn-IV\SaturnIV\Game1.cs:line 220
   at Microsoft.Xna.Framework.Game.Run()
   at SaturnIV.Program.Main(String[] args) in C:\Users\bryan\Saturn-IV\SaturnIV\Program.cs:line 14
////////////////////////////////////////////////////////////////

////////////////////////////////////////////////////////////////
    Date: 4/20/2012 10:43:16 PM
Assembly: TomShane.Neoforce.Controls.dll
 Version: 0.6.1910.1437
 Message: The active render target and depth stencil surface must have the same pixel size and multisampling type.
////////////////////////////////////////////////////////////////
   at Microsoft.Xna.Framework.Graphics.GraphicsDevice.VerifyDepthRenderTargetCompat()
   at Microsoft.Xna.Framework.Graphics.GraphicsDevice.Clear(ClearOptions options, Color color, Single depth, Int32 stencil, Rectangle[] regions)
   at Microsoft.Xna.Framework.Graphics.GraphicsDevice.Clear(Color color)
   at TomShane.Neoforce.Controls.Manager.Draw(GameTime gameTime)
   at SaturnIV.Game1.Draw(GameTime gameTime) in C:\Users\bryan\Saturn-IV\SaturnIV\Game1.cs:line 758
   at Microsoft.Xna.Framework.Game.DrawFrame()
   at Microsoft.Xna.Framework.Game.Tick()
   at Microsoft.Xna.Framework.Game.HostIdle(Object sender, EventArgs e)
   at Microsoft.Xna.Framework.GameHost.OnIdle()
   at Microsoft.Xna.Framework.WindowsGameHost.ApplicationIdle(Object sender, EventArgs e)
   at System.Windows.Forms.Application.ThreadContext.System.Windows.Forms.UnsafeNativeMethods.IMsoComponent.FDoIdle(Int32 grfidlef)
   at System.Windows.Forms.Application.ComponentManager.System.Windows.Forms.UnsafeNativeMethods.IMsoComponentManager.FPushMessageLoop(Int32 dwComponentID, Int32 reason, Int32 pvLoopData)
   at System.Windows.Forms.Application.ThreadContext.RunMessageLoopInner(Int32 reason, ApplicationContext context)
   at System.Windows.Forms.Application.ThreadContext.RunMessageLoop(Int32 reason, ApplicationContext context)
   at System.Windows.Forms.Application.Run(Form mainForm)
   at Microsoft.Xna.Framework.WindowsGameHost.Run()
   at Microsoft.Xna.Framework.Game.Run()
   at SaturnIV.Program.Main(String[] args) in C:\Users\bryan\Saturn-IV\SaturnIV\Program.cs:line 14
////////////////////////////////////////////////////////////////

////////////////////////////////////////////////////////////////
    Date: 4/27/2012 7:26:45 PM
Assembly: TomShane.Neoforce.Controls.dll
 Version: 0.6.1910.1437
 Message: You should specify positive value for farPlaneDistance.
Parameter name: farPlaneDistance
////////////////////////////////////////////////////////////////
   at Microsoft.Xna.Framework.Matrix.CreatePerspectiveFieldOfView(Single fieldOfView, Single aspectRatio, Single nearPlaneDistance, Single farPlaneDistance)
   at SaturnIV.NPCManager.updateShipMovement(GameTime gameTime, Single gameSpeed, newShipStruct thisShip, CameraNew ourCamera, Boolean isEdit) in C:\Users\bryan\Saturn-IV\SaturnIV\ManagerClasses\NPCManager.cs:line 285
   at SaturnIV.Game1.updateObjects(GameTime gameTime) in C:\Users\bryan\Saturn-IV\SaturnIV\Game1.cs:line 402
   at SaturnIV.Game1.Update(GameTime gameTime) in C:\Users\bryan\Saturn-IV\SaturnIV\Game1.cs:line 348
   at Microsoft.Xna.Framework.Game.Tick()
   at Microsoft.Xna.Framework.Game.HostIdle(Object sender, EventArgs e)
   at Microsoft.Xna.Framework.GameHost.OnIdle()
   at Microsoft.Xna.Framework.WindowsGameHost.ApplicationIdle(Object sender, EventArgs e)
   at System.Windows.Forms.Application.ThreadContext.System.Windows.Forms.UnsafeNativeMethods.IMsoComponent.FDoIdle(Int32 grfidlef)
   at System.Windows.Forms.Application.ComponentManager.System.Windows.Forms.UnsafeNativeMethods.IMsoComponentManager.FPushMessageLoop(Int32 dwComponentID, Int32 reason, Int32 pvLoopData)
   at System.Windows.Forms.Application.ThreadContext.RunMessageLoopInner(Int32 reason, ApplicationContext context)
   at System.Windows.Forms.Application.ThreadContext.RunMessageLoop(Int32 reason, ApplicationContext context)
   at System.Windows.Forms.Application.Run(Form mainForm)
   at Microsoft.Xna.Framework.WindowsGameHost.Run()
   at Microsoft.Xna.Framework.Game.Run()
   at SaturnIV.Program.Main(String[] args) in C:\Users\bryan\Saturn-IV\SaturnIV\Program.cs:line 14
////////////////////////////////////////////////////////////////

////////////////////////////////////////////////////////////////
    Date: 4/29/2012 5:01:19 PM
Assembly: TomShane.Neoforce.Controls.dll
 Version: 0.6.1910.1437
 Message: You should specify positive value for farPlaneDistance.
Parameter name: farPlaneDistance
////////////////////////////////////////////////////////////////
   at Microsoft.Xna.Framework.Matrix.CreatePerspectiveFieldOfView(Single fieldOfView, Single aspectRatio, Single nearPlaneDistance, Single farPlaneDistance)
   at SaturnIV.NPCManager.updateShipMovement(GameTime gameTime, Single gameSpeed, newShipStruct thisShip, CameraNew ourCamera, Boolean isEdit) in C:\Users\bryan\Saturn-IV\SaturnIV\ManagerClasses\NPCManager.cs:line 285
   at SaturnIV.Game1.updateObjects(GameTime gameTime) in C:\Users\bryan\Saturn-IV\SaturnIV\Game1.cs:line 402
   at SaturnIV.Game1.Update(GameTime gameTime) in C:\Users\bryan\Saturn-IV\SaturnIV\Game1.cs:line 348
   at Microsoft.Xna.Framework.Game.Tick()
   at Microsoft.Xna.Framework.Game.HostIdle(Object sender, EventArgs e)
   at Microsoft.Xna.Framework.GameHost.OnIdle()
   at Microsoft.Xna.Framework.WindowsGameHost.ApplicationIdle(Object sender, EventArgs e)
   at System.Windows.Forms.Application.ThreadContext.System.Windows.Forms.UnsafeNativeMethods.IMsoComponent.FDoIdle(Int32 grfidlef)
   at System.Windows.Forms.Application.ComponentManager.System.Windows.Forms.UnsafeNativeMethods.IMsoComponentManager.FPushMessageLoop(Int32 dwComponentID, Int32 reason, Int32 pvLoopData)
   at System.Windows.Forms.Application.ThreadContext.RunMessageLoopInner(Int32 reason, ApplicationContext context)
   at System.Windows.Forms.Application.ThreadContext.RunMessageLoop(Int32 reason, ApplicationContext context)
   at System.Windows.Forms.Application.Run(Form mainForm)
   at Microsoft.Xna.Framework.WindowsGameHost.Run()
   at Microsoft.Xna.Framework.Game.Run()
   at SaturnIV.Program.Main(String[] args) in C:\Users\bryan\Saturn-IV\SaturnIV\Program.cs:line 14
////////////////////////////////////////////////////////////////

////////////////////////////////////////////////////////////////
    Date: 5/3/2012 3:21:27 PM
Assembly: TomShane.Neoforce.Controls.dll
 Version: 0.6.1910.1437
 Message: You should specify positive value for farPlaneDistance.
Parameter name: farPlaneDistance
////////////////////////////////////////////////////////////////
   at Microsoft.Xna.Framework.Matrix.CreatePerspectiveFieldOfView(Single fieldOfView, Single aspectRatio, Single nearPlaneDistance, Single farPlaneDistance)
   at SaturnIV.NPCManager.updateShipMovement(GameTime gameTime, Single gameSpeed, newShipStruct thisShip, CameraNew ourCamera, Boolean isEdit) in C:\Users\bryan\Saturn-IV\SaturnIV\ManagerClasses\NPCManager.cs:line 293
   at SaturnIV.Game1.updateObjects(GameTime gameTime) in C:\Users\bryan\Saturn-IV\SaturnIV\Game1.cs:line 403
   at SaturnIV.Game1.Update(GameTime gameTime) in C:\Users\bryan\Saturn-IV\SaturnIV\Game1.cs:line 341
   at Microsoft.Xna.Framework.Game.Tick()
   at Microsoft.Xna.Framework.Game.HostIdle(Object sender, EventArgs e)
   at Microsoft.Xna.Framework.GameHost.OnIdle()
   at Microsoft.Xna.Framework.WindowsGameHost.ApplicationIdle(Object sender, EventArgs e)
   at System.Windows.Forms.Application.ThreadContext.System.Windows.Forms.UnsafeNativeMethods.IMsoComponent.FDoIdle(Int32 grfidlef)
   at System.Windows.Forms.Application.ComponentManager.System.Windows.Forms.UnsafeNativeMethods.IMsoComponentManager.FPushMessageLoop(Int32 dwComponentID, Int32 reason, Int32 pvLoopData)
   at System.Windows.Forms.Application.ThreadContext.RunMessageLoopInner(Int32 reason, ApplicationContext context)
   at System.Windows.Forms.Application.ThreadContext.RunMessageLoop(Int32 reason, ApplicationContext context)
   at System.Windows.Forms.Application.Run(Form mainForm)
   at Microsoft.Xna.Framework.WindowsGameHost.Run()
   at Microsoft.Xna.Framework.Game.Run()
   at SaturnIV.Program.Main(String[] args) in C:\Users\bryan\Saturn-IV\SaturnIV\Program.cs:line 14
////////////////////////////////////////////////////////////////

////////////////////////////////////////////////////////////////
    Date: 5/4/2012 11:20:43 PM
Assembly: TomShane.Neoforce.Controls.dll
 Version: 0.6.1910.1437
 Message: A previous Draw call threw an unhandled exception. See InnerException for details.
////////////////////////////////////////////////////////////////
   at Microsoft.Xna.Framework.WindowsGameWindow.Tick()
   at Microsoft.Xna.Framework.WindowsGameHost.ApplicationIdle(Object sender, EventArgs e)
   at System.Windows.Forms.Application.ThreadContext.System.Windows.Forms.UnsafeNativeMethods.IMsoComponent.FDoIdle(Int32 grfidlef)
   at System.Windows.Forms.Application.ComponentManager.System.Windows.Forms.UnsafeNativeMethods.IMsoComponentManager.FPushMessageLoop(Int32 dwComponentID, Int32 reason, Int32 pvLoopData)
   at System.Windows.Forms.Application.ThreadContext.RunMessageLoopInner(Int32 reason, ApplicationContext context)
   at System.Windows.Forms.Application.ThreadContext.RunMessageLoop(Int32 reason, ApplicationContext context)
   at System.Windows.Forms.Application.Run(Form mainForm)
   at Microsoft.Xna.Framework.WindowsGameHost.Run()
   at Microsoft.Xna.Framework.Game.Run()
   at SaturnIV.Program.Main(String[] args) in C:\Users\bryan\Saturn-IV\SaturnIV\Program.cs:line 14
////////////////////////////////////////////////////////////////

////////////////////////////////////////////////////////////////
    Date: 5/4/2012 11:20:43 PM
Assembly: TomShane.Neoforce.Controls.dll
 Version: 0.6.1910.1437
 Message: Cannot access a disposed object.
Object name: 'WindowsGameForm'.
////////////////////////////////////////////////////////////////
   at System.Windows.Forms.Control.CreateHandle()
   at System.Windows.Forms.Form.CreateHandle()
   at System.Windows.Forms.Control.get_Handle()
   at System.Windows.Forms.Control.PointToScreen(Point p)
   at Microsoft.Xna.Framework.WindowsGameForm.get_ClientBounds()
   at Microsoft.Xna.Framework.WindowsGameWindow.get_ClientBounds()
   at Microsoft.Xna.Framework.GraphicsDeviceManager.ChangeDevice(Boolean forceCreate)
   at Microsoft.Xna.Framework.GraphicsDeviceManager.Microsoft.Xna.Framework.IGraphicsDeviceManager.CreateDevice()
   at Microsoft.Xna.Framework.Game.Run()
   at SaturnIV.Program.Main(String[] args) in C:\Users\bryan\Saturn-IV\SaturnIV\Program.cs:line 14
////////////////////////////////////////////////////////////////

